Android/mxp/hhh/app/build/outputs/logs/manifest-merger-debug-report.txt
-- Merging decision tree log ---
manifest
ADDED from src\main\AndroidManifest.xml:2:1-26:12
INJECTED from src\main\AndroidManifest.xml:2:1-26:12
INJECTED from src\main\AndroidManifest.xml:2:1-26:12
INJECTED from src\main\AndroidManifest.xml:2:1-26:12
INJECTED from src\main\AndroidManifest.xml:2:1-26:12
INJECTED from src\main\AndroidManifest.xml:2:1-26:12
INJECTED from src\main\AndroidManifest.xml:2:1-26:12
	package
		ADDED from src\main\AndroidManifest.xml:3:2-38
		INJECTED from src\main\AndroidManifest.xml
		INJECTED from src\main\AndroidManifest.xml
	android:versionName
		ADDED from src\main\AndroidManifest.xml:4:2-27
		INJECTED from src\main\AndroidManifest.xml
		INJECTED from src\main\AndroidManifest.xml
	xmlns:android
		ADDED from src\main\AndroidManifest.xml:2:11-69
	android:versionCode
		ADDED from src\main\AndroidManifest.xml:3:39-62
		INJECTED from src\main\AndroidManifest.xml
		INJECTED from src\main\AndroidManifest.xml
uses-sdk
ADDED from src\main\AndroidManifest.xml:5:2-40
INJECTED from src\main\AndroidManifest.xml:5:2-40
INJECTED from src\main\AndroidManifest.xml:5:2-40
INJECTED from src\main\AndroidManifest.xml:5:2-40
INJECTED from src\main\AndroidManifest.xml:5:2-40
	android:targetSdkVersion
		INJECTED from src\main\AndroidManifest.xml
		ADDED from src\main\AndroidManifest.xml:5:2-40
		INJECTED from src\main\AndroidManifest.xml
	android:minSdkVersion
		ADDED from src\main\AndroidManifest.xml:5:12-37
		INJECTED from src\main\AndroidManifest.xml
		INJECTED from src\main\AndroidManifest.xml
application
ADDED from src\main\AndroidManifest.xml:7:2-16:16
	android:label
		ADDED from src\main\AndroidManifest.xml:7:45-77
	android:icon
		ADDED from src\main\AndroidManifest.xml:7:15-44
activity#com.ouling.ex_wifi_manager.Ex_wifi_managerActivity
ADDED from src\main\AndroidManifest.xml:8:3-14:14
	android:label
		ADDED from src\main\AndroidManifest.xml:9:4-36
	android:name
		ADDED from src\main\AndroidManifest.xml:8:13-52
intent-filter#android.intent.action.MAIN+android.intent.category.LAUNCHER
ADDED from src\main\AndroidManifest.xml:10:4-13:20
action#android.intent.action.MAIN
ADDED from src\main\AndroidManifest.xml:11:5-57
	android:name
		ADDED from src\main\AndroidManifest.xml:11:13-54
category#android.intent.category.LAUNCHER
ADDED from src\main\AndroidManifest.xml:12:5-65
	android:name
		ADDED from src\main\AndroidManifest.xml:12:15-62
uses-permission#android.permission.ACCESS_WIFI_STATE
ADDED from src\main\AndroidManifest.xml:17:2-18:20
	android:name
		ADDED from src\main\AndroidManifest.xml:17:19-70
uses-permission#android.permission.WAKE_LOCK
ADDED from src\main\AndroidManifest.xml:19:2-20:20
	android:name
		ADDED from src\main\AndroidManifest.xml:19:19-62
uses-permission#android.permission.CHANGE_WIFI_STATE
ADDED from src\main\AndroidManifest.xml:21:2-22:20
	android:name
		ADDED from src\main\AndroidManifest.xml:21:19-70
uses-permission#android.permission.CHANGE_NETWORK_STATE
ADDED from src\main\AndroidManifest.xml:23:2-76
	android:name
		ADDED from src\main\AndroidManifest.xml:23:19-73
uses-permission#android.permission.ACCESS_NETWORK_STATE
ADDED from src\main\AndroidManifest.xml:24:2-75
	android:name
		ADDED from src\main\AndroidManifest.xml:24:19-73
uses-permission#android.permission.INTERNET
ADDED from src\main\AndroidManifest.xml:25:2-63
	android:name
		ADDED from src\main\AndroidManifest.xml:25:19-61